<!doctype html>
<html lang="en"><head><meta charSet="utf-8"/><meta http-equiv="X-UA-Compatible" content="IE=edge"/><meta name="viewport" content="width=device-width, initial-scale=1"/><title>Mochawesome Report</title><link rel="stylesheet" href="assets\app.css"/></head><body data-raw="{&quot;stats&quot;:{&quot;suites&quot;:6,&quot;tests&quot;:7,&quot;passes&quot;:0,&quot;pending&quot;:2,&quot;failures&quot;:4,&quot;testsRegistered&quot;:7,&quot;passPercent&quot;:0,&quot;pendingPercent&quot;:28.571428571428573,&quot;other&quot;:0,&quot;hasOther&quot;:false,&quot;skipped&quot;:1,&quot;hasSkipped&quot;:true,&quot;start&quot;:&quot;2023-09-25T08:50:33.023Z&quot;,&quot;end&quot;:&quot;2023-09-25T08:51:46.099Z&quot;,&quot;duration&quot;:73076},&quot;results&quot;:[{&quot;uuid&quot;:&quot;6b0fd0ad-972d-4af0-829f-a290601aaeb8&quot;,&quot;title&quot;:&quot;&quot;,&quot;fullFile&quot;:&quot;cypress\\integration\\pagetest\\createtestplan.js&quot;,&quot;file&quot;:&quot;cypress\\integration\\pagetest\\createtestplan.js&quot;,&quot;beforeHooks&quot;:[],&quot;afterHooks&quot;:[],&quot;tests&quot;:[],&quot;suites&quot;:[{&quot;uuid&quot;:&quot;d9d3cb80-eed7-4f00-86c1-b451faa944d3&quot;,&quot;title&quot;:&quot;Create Test Plan in Kiwi TCMS&quot;,&quot;fullFile&quot;:&quot;cypress\\integration\\pagetest\\createtestplan.js&quot;,&quot;file&quot;:&quot;cypress\\integration\\pagetest\\createtestplan.js&quot;,&quot;beforeHooks&quot;:[],&quot;afterHooks&quot;:[],&quot;tests&quot;:[{&quot;title&quot;:&quot;should create a test plan&quot;,&quot;fullTitle&quot;:&quot;Create Test Plan in Kiwi TCMS should create a test plan&quot;,&quot;timedOut&quot;:null,&quot;duration&quot;:0,&quot;state&quot;:&quot;pending&quot;,&quot;speed&quot;:null,&quot;pass&quot;:false,&quot;fail&quot;:false,&quot;pending&quot;:true,&quot;context&quot;:null,&quot;code&quot;:&quot;const apiUrl = &#x27;http://cbtcms.herokuapp.com/json-rpc/&#x27;;\nconst username = &#x27;anish.kumar@crowdbotics.com&#x27;;\nconst password = &#x27;bcHV3w94wUJ7GsU&#x27;;\nconst testPlanData = {\n  name: &#x27;Anish Test Plan&#x27;,\n  description: &#x27;This is a test plan created using Cypress and Axios.&#x27;,\n  product: 3,\n  product_version: 3\n};\ncy.wrap(_axios.default.post(apiUrl, testPlanData, {\n  auth: {\n    username,\n    password\n  },\n  headers: {\n    &#x27;Content-Type&#x27;: &#x27;application/json&#x27;\n  }\n})).then(response =&gt; {\n  expect(response.status).to.equal(201);\n  cy.log(&#x27;Test Plan created:&#x27;, response.data);\n});&quot;,&quot;err&quot;:{},&quot;uuid&quot;:&quot;5d76d6f3-b6cc-4b1c-9888-bbeac7f5e179&quot;,&quot;parentUUID&quot;:&quot;d9d3cb80-eed7-4f00-86c1-b451faa944d3&quot;,&quot;isHook&quot;:false,&quot;skipped&quot;:false}],&quot;suites&quot;:[],&quot;passes&quot;:[],&quot;failures&quot;:[],&quot;pending&quot;:[&quot;5d76d6f3-b6cc-4b1c-9888-bbeac7f5e179&quot;],&quot;skipped&quot;:[],&quot;duration&quot;:0,&quot;root&quot;:false,&quot;rootEmpty&quot;:false,&quot;_timeout&quot;:2000}],&quot;passes&quot;:[],&quot;failures&quot;:[],&quot;pending&quot;:[],&quot;skipped&quot;:[],&quot;duration&quot;:0,&quot;root&quot;:true,&quot;rootEmpty&quot;:true,&quot;_timeout&quot;:2000},{&quot;uuid&quot;:&quot;e2328e9f-cbfa-42f8-be8e-770b76badc4a&quot;,&quot;title&quot;:&quot;&quot;,&quot;fullFile&quot;:&quot;cypress\\integration\\pagetest\\DashboardPageTest.js&quot;,&quot;file&quot;:&quot;cypress\\integration\\pagetest\\DashboardPageTest.js&quot;,&quot;beforeHooks&quot;:[],&quot;afterHooks&quot;:[],&quot;tests&quot;:[],&quot;suites&quot;:[{&quot;uuid&quot;:&quot;303abbe9-af47-49ac-8a95-ba616f8e188f&quot;,&quot;title&quot;:&quot;Hooks&quot;,&quot;fullFile&quot;:&quot;cypress\\integration\\pagetest\\DashboardPageTest.js&quot;,&quot;file&quot;:&quot;cypress\\integration\\pagetest\\DashboardPageTest.js&quot;,&quot;beforeHooks&quot;:[],&quot;afterHooks&quot;:[],&quot;tests&quot;:[{&quot;title&quot;:&quot;Verify the create new app button is working or not (smoke,regression)&quot;,&quot;fullTitle&quot;:&quot;Hooks Verify the create new app button is working or not (smoke,regression)&quot;,&quot;timedOut&quot;:null,&quot;duration&quot;:24161,&quot;state&quot;:&quot;failed&quot;,&quot;speed&quot;:null,&quot;pass&quot;:false,&quot;fail&quot;:true,&quot;pending&quot;:false,&quot;context&quot;:&quot;[\n    {\n        \&quot;title\&quot;: \&quot;Failed screenshot\&quot;,\n        \&quot;value\&quot;: \&quot;screenshots\\\\DashboardPageTest.js/Hooks%20--%20Verify%20the%20create%20new%20app%20button%20is%20working%20or%20not%20(smoke%2Cregression)%20(failed).png\&quot;\n    }\n]&quot;,&quot;code&quot;:&quot;cy.clickOnElement(dash.com_CreateAnApp());\ncy.get(&#x27;h3&#x27;, {\n  timeout: 5000\n}).contains(&#x27;Create App&#x27;);&quot;,&quot;err&quot;:{&quot;message&quot;:&quot;AssertionError: Timed out retrying after 10000ms: Expected to find element: `#dashboard-createapp-panel h4`, but never found it.&quot;,&quot;estack&quot;:&quot;AssertionError: Timed out retrying after 10000ms: Expected to find element: `#dashboard-createapp-panel h4`, but never found it.\n    at DashboardPage.com_CreateAnApp (webpack://crowdbotics/./cypress/integration/pageobject/DashboardPage.js:5:18)\n    at Context.eval (webpack://crowdbotics/./cypress/integration/pagetest/DashboardPageTest.js:39:31)&quot;,&quot;diff&quot;:null},&quot;uuid&quot;:&quot;d663515c-7a1b-4b27-8cd5-01dd153deb13&quot;,&quot;parentUUID&quot;:&quot;303abbe9-af47-49ac-8a95-ba616f8e188f&quot;,&quot;isHook&quot;:false,&quot;skipped&quot;:false}],&quot;suites&quot;:[],&quot;passes&quot;:[],&quot;failures&quot;:[&quot;d663515c-7a1b-4b27-8cd5-01dd153deb13&quot;],&quot;pending&quot;:[],&quot;skipped&quot;:[],&quot;duration&quot;:24161,&quot;root&quot;:false,&quot;rootEmpty&quot;:false,&quot;_timeout&quot;:2000}],&quot;passes&quot;:[],&quot;failures&quot;:[],&quot;pending&quot;:[],&quot;skipped&quot;:[],&quot;duration&quot;:0,&quot;root&quot;:true,&quot;rootEmpty&quot;:true,&quot;_timeout&quot;:2000},{&quot;uuid&quot;:&quot;fa17d15d-66de-4622-995c-52f200d61899&quot;,&quot;title&quot;:&quot;&quot;,&quot;fullFile&quot;:&quot;cypress\\integration\\pagetest\\index.js&quot;,&quot;file&quot;:&quot;cypress\\integration\\pagetest\\index.js&quot;,&quot;beforeHooks&quot;:[],&quot;afterHooks&quot;:[],&quot;tests&quot;:[{&quot;title&quot;:&quot;An uncaught error was detected outside of a test&quot;,&quot;fullTitle&quot;:&quot;An uncaught error was detected outside of a test&quot;,&quot;timedOut&quot;:null,&quot;duration&quot;:867,&quot;state&quot;:&quot;failed&quot;,&quot;speed&quot;:null,&quot;pass&quot;:false,&quot;fail&quot;:true,&quot;pending&quot;:false,&quot;context&quot;:&quot;[\n    {\n        \&quot;title\&quot;: \&quot;Failed screenshot\&quot;,\n        \&quot;value\&quot;: \&quot;screenshots\\\\index.js/An%20uncaught%20error%20was%20detected%20outside%20of%20a%20test%20(failed).png\&quot;\n    }\n]&quot;,&quot;code&quot;:&quot;throw err;&quot;,&quot;err&quot;:{&quot;message&quot;:&quot;ReferenceError: The following error originated from your test code, not from Cypress.\n\n  &gt; queryValues is not defined\n\nWhen Cypress detects uncaught errors originating from your test code it will automatically fail the current test.\n\nCypress could not associate this error to any specific test.\n\nWe dynamically generated a new test to display this failure.&quot;,&quot;estack&quot;:&quot;ReferenceError: The following error originated from your test code, not from Cypress.\n\n  &gt; queryValues is not defined\n\nWhen Cypress detects uncaught errors originating from your test code it will automatically fail the current test.\n\nCypress could not associate this error to any specific test.\n\nWe dynamically generated a new test to display this failure.\n    at eval (webpack://crowdbotics/./cypress/integration/pagetest/index.js:23:11)\n    at eval (http://localhost:64226/__cypress/tests?p=cypress\\integration\\pagetest\\index.js:5407:3)\n    at eval (http://localhost:64226/__cypress/tests?p=cypress\\integration\\pagetest\\index.js:5409:12)\n    at eval (&lt;anonymous&gt;)&quot;,&quot;diff&quot;:null},&quot;uuid&quot;:&quot;441c5072-043f-4948-880f-d4d969d82c86&quot;,&quot;parentUUID&quot;:&quot;fa17d15d-66de-4622-995c-52f200d61899&quot;,&quot;isHook&quot;:false,&quot;skipped&quot;:false}],&quot;suites&quot;:[],&quot;passes&quot;:[],&quot;failures&quot;:[&quot;441c5072-043f-4948-880f-d4d969d82c86&quot;],&quot;pending&quot;:[],&quot;skipped&quot;:[],&quot;duration&quot;:867,&quot;root&quot;:true,&quot;rootEmpty&quot;:false,&quot;_timeout&quot;:2000},{&quot;uuid&quot;:&quot;31b9d80e-c87f-413a-8e43-ef333b0e6598&quot;,&quot;title&quot;:&quot;&quot;,&quot;fullFile&quot;:&quot;cypress\\integration\\pagetest\\indexx.js&quot;,&quot;file&quot;:&quot;cypress\\integration\\pagetest\\indexx.js&quot;,&quot;beforeHooks&quot;:[],&quot;afterHooks&quot;:[],&quot;tests&quot;:[{&quot;title&quot;:&quot;An uncaught error was detected outside of a test&quot;,&quot;fullTitle&quot;:&quot;An uncaught error was detected outside of a test&quot;,&quot;timedOut&quot;:null,&quot;duration&quot;:240,&quot;state&quot;:&quot;failed&quot;,&quot;speed&quot;:null,&quot;pass&quot;:false,&quot;fail&quot;:true,&quot;pending&quot;:false,&quot;context&quot;:&quot;[\n    {\n        \&quot;title\&quot;: \&quot;Failed screenshot\&quot;,\n        \&quot;value\&quot;: \&quot;screenshots\\\\indexx.js/An%20uncaught%20error%20was%20detected%20outside%20of%20a%20test%20(failed).png\&quot;\n    }\n]&quot;,&quot;code&quot;:&quot;throw err;&quot;,&quot;err&quot;:{&quot;message&quot;:&quot;ReferenceError: The following error originated from your test code, not from Cypress.\n\n  &gt; queryValues is not defined\n\nWhen Cypress detects uncaught errors originating from your test code it will automatically fail the current test.\n\nCypress could not associate this error to any specific test.\n\nWe dynamically generated a new test to display this failure.&quot;,&quot;estack&quot;:&quot;ReferenceError: The following error originated from your test code, not from Cypress.\n\n  &gt; queryValues is not defined\n\nWhen Cypress detects uncaught errors originating from your test code it will automatically fail the current test.\n\nCypress could not associate this error to any specific test.\n\nWe dynamically generated a new test to display this failure.\n    at eval (webpack://crowdbotics/./cypress/integration/pagetest/indexx.js:23:11)\n    at eval (http://localhost:64226/__cypress/tests?p=cypress\\integration\\pagetest\\indexx.js:5415:3)\n    at eval (http://localhost:64226/__cypress/tests?p=cypress\\integration\\pagetest\\indexx.js:5417:12)\n    at eval (&lt;anonymous&gt;)&quot;,&quot;diff&quot;:null},&quot;uuid&quot;:&quot;376c35cf-bc9e-4f2e-861f-0d24589f8fbe&quot;,&quot;parentUUID&quot;:&quot;31b9d80e-c87f-413a-8e43-ef333b0e6598&quot;,&quot;isHook&quot;:false,&quot;skipped&quot;:false}],&quot;suites&quot;:[],&quot;passes&quot;:[],&quot;failures&quot;:[&quot;376c35cf-bc9e-4f2e-861f-0d24589f8fbe&quot;],&quot;pending&quot;:[],&quot;skipped&quot;:[],&quot;duration&quot;:240,&quot;root&quot;:true,&quot;rootEmpty&quot;:false,&quot;_timeout&quot;:2000},{&quot;uuid&quot;:&quot;ab979884-66a4-468d-9ea4-7150acf4a5c7&quot;,&quot;title&quot;:&quot;&quot;,&quot;fullFile&quot;:&quot;cypress\\integration\\pagetest\\LoginPageTest.js&quot;,&quot;file&quot;:&quot;cypress\\integration\\pagetest\\LoginPageTest.js&quot;,&quot;beforeHooks&quot;:[],&quot;afterHooks&quot;:[],&quot;tests&quot;:[],&quot;suites&quot;:[{&quot;uuid&quot;:&quot;41ad48a7-34d5-4bb5-965f-93663ba76ddc&quot;,&quot;title&quot;:&quot;Hooks&quot;,&quot;fullFile&quot;:&quot;cypress\\integration\\pagetest\\LoginPageTest.js&quot;,&quot;file&quot;:&quot;cypress\\integration\\pagetest\\LoginPageTest.js&quot;,&quot;beforeHooks&quot;:[],&quot;afterHooks&quot;:[],&quot;tests&quot;:[{&quot;title&quot;:&quot;Varify the login username validation message (smoke)&quot;,&quot;fullTitle&quot;:&quot;Hooks Varify the login username validation message (smoke)&quot;,&quot;timedOut&quot;:null,&quot;duration&quot;:26056,&quot;state&quot;:&quot;failed&quot;,&quot;speed&quot;:null,&quot;pass&quot;:false,&quot;fail&quot;:true,&quot;pending&quot;:false,&quot;context&quot;:&quot;[\n    {\n        \&quot;title\&quot;: \&quot;Failed screenshot\&quot;,\n        \&quot;value\&quot;: \&quot;screenshots\\\\LoginPageTest.js/Hooks%20--%20Varify%20the%20login%20username%20validation%20message%20(smoke)%20--%20before%20each%20hook%20(failed).png\&quot;\n    }\n]&quot;,&quot;code&quot;:&quot;const login = new _LoginPage.default();\nlogin.com_AllowButton().click();\n//cy.enterText(login.getuserName(),Cypress.env(&#x27;username&#x27;))\n//login.getuserName().type(Cypress.env(&#x27;username&#x27;))\nlogin.com_Password().type(Cypress.env(&#x27;password&#x27;));\nlogin.com_SimpleLogin().click();\n//cy.wait(login.getValidationMessage().text) \n//login.getValidationMessage().should(&#x27;have.value&#x27;, &#x27;The email field is required&#x27;)\n//expect(login.getValidationMessage().text).to.match(&#x27;required&#x27;)\ncy.get(&#x27;.beforelogin-row.mt-3 &gt; .validation-error&#x27;).contains(&#x27;The email field is required&#x27;);&quot;,&quot;err&quot;:{&quot;message&quot;:&quot;CypressError: `cy.visit()` failed trying to load:\n\nhttps://crowdbotics-slack-dev.herokuapp.com/dashboard/\n\nThe response we received from your web server was:\n\n  &gt; 500: Internal Server Error\n\nThis was considered a failure because the status code was not `2xx`.\n\nThis http request was redirected &#x27;1&#x27; time to:\n\n  - 302: https://crowdbotics-slack-dev.herokuapp.com/dashboard/accounts/login?next=/dashboard/\n\nIf you do not want status codes to cause failures pass the option: `failOnStatusCode: false`\n\nBecause this error occurred during a `before each` hook we are skipping the remaining tests in the current suite: `Hooks`&quot;,&quot;estack&quot;:&quot;CypressError: `cy.visit()` failed trying to load:\n\nhttps://crowdbotics-slack-dev.herokuapp.com/dashboard/\n\nThe response we received from your web server was:\n\n  &gt; 500: Internal Server Error\n\nThis was considered a failure because the status code was not `2xx`.\n\nThis http request was redirected &#x27;1&#x27; time to:\n\n  - 302: https://crowdbotics-slack-dev.herokuapp.com/dashboard/accounts/login?next=/dashboard/\n\nIf you do not want status codes to cause failures pass the option: `failOnStatusCode: false`\n\nBecause this error occurred during a `before each` hook we are skipping the remaining tests in the current suite: `Hooks`\n    at &lt;unknown&gt; (http://localhost:64226/__cypress/runner/cypress_runner.js:130950:76)\n    at visitFailedByErr (http://localhost:64226/__cypress/runner/cypress_runner.js:130358:12)\n    at &lt;unknown&gt; (http://localhost:64226/__cypress/runner/cypress_runner.js:130933:13)\n    at tryCatcher (http://localhost:64226/__cypress/runner/cypress_runner.js:1807:23)\n    at Promise._settlePromiseFromHandler (http://localhost:64226/__cypress/runner/cypress_runner.js:1519:31)\n    at Promise._settlePromise (http://localhost:64226/__cypress/runner/cypress_runner.js:1576:18)\n    at Promise._settlePromise0 (http://localhost:64226/__cypress/runner/cypress_runner.js:1621:10)\n    at Promise._settlePromises (http://localhost:64226/__cypress/runner/cypress_runner.js:1697:18)\n    at _drainQueueStep (http://localhost:64226/__cypress/runner/cypress_runner.js:2407:12)\n    at _drainQueue (http://localhost:64226/__cypress/runner/cypress_runner.js:2400:9)\n    at Async._drainQueues (http://localhost:64226/__cypress/runner/cypress_runner.js:2416:5)\n    at Async.drainQueues (http://localhost:64226/__cypress/runner/cypress_runner.js:2286:14)\nFrom Your Spec Code:\n    at Context.eval (webpack://crowdbotics/./cypress/integration/pagetest/LoginPageTest.js:15:11)&quot;,&quot;diff&quot;:null},&quot;uuid&quot;:&quot;02657c07-97d0-4693-991b-546eec458de5&quot;,&quot;parentUUID&quot;:&quot;41ad48a7-34d5-4bb5-965f-93663ba76ddc&quot;,&quot;isHook&quot;:false,&quot;skipped&quot;:false},{&quot;title&quot;:&quot;Varify the login password validation message (smoke,regression)&quot;,&quot;fullTitle&quot;:&quot;Hooks Varify the login password validation message (smoke,regression)&quot;,&quot;timedOut&quot;:null,&quot;duration&quot;:0,&quot;state&quot;:&quot;skipped&quot;,&quot;speed&quot;:null,&quot;pass&quot;:false,&quot;fail&quot;:false,&quot;pending&quot;:false,&quot;context&quot;:null,&quot;code&quot;:&quot;const login = new _LoginPage.default();\nlogin.com_AllowButton().click();\nlogin.com_userName().type(\&quot;anish\&quot;);\n//login.getPassword().type(\&quot;\&quot;)\nlogin.com_SimpleLogin().click();\n//cy.wait(login.getValidationMessage().text) \n//login.getValidationMessage().should(&#x27;have.value&#x27;, &#x27;The email field is required&#x27;)\n//expect(login.getValidationMessage().text).to.match(&#x27;required&#x27;)\ncy.get(&#x27;.beforelogin-row.mt-0 &gt; .validation-error&#x27;).contains(&#x27;The password field is required&#x27;);&quot;,&quot;err&quot;:{},&quot;uuid&quot;:&quot;d46bec77-f175-40c0-b389-397446e49fc8&quot;,&quot;parentUUID&quot;:&quot;41ad48a7-34d5-4bb5-965f-93663ba76ddc&quot;,&quot;isHook&quot;:false,&quot;skipped&quot;:true}],&quot;suites&quot;:[],&quot;passes&quot;:[],&quot;failures&quot;:[&quot;02657c07-97d0-4693-991b-546eec458de5&quot;],&quot;pending&quot;:[],&quot;skipped&quot;:[&quot;d46bec77-f175-40c0-b389-397446e49fc8&quot;],&quot;duration&quot;:26056,&quot;root&quot;:false,&quot;rootEmpty&quot;:false,&quot;_timeout&quot;:2000}],&quot;passes&quot;:[],&quot;failures&quot;:[],&quot;pending&quot;:[],&quot;skipped&quot;:[],&quot;duration&quot;:0,&quot;root&quot;:true,&quot;rootEmpty&quot;:true,&quot;_timeout&quot;:2000},{&quot;uuid&quot;:&quot;b78f5047-7854-4be6-a345-617a63041e7a&quot;,&quot;title&quot;:&quot;&quot;,&quot;fullFile&quot;:&quot;cypress\\integration\\pagetest\\AuthenticatorPageTest.js&quot;,&quot;file&quot;:&quot;cypress\\integration\\pagetest\\AuthenticatorPageTest.js&quot;,&quot;beforeHooks&quot;:[],&quot;afterHooks&quot;:[],&quot;tests&quot;:[],&quot;suites&quot;:[{&quot;uuid&quot;:&quot;5730713c-99d1-4e65-9c12-a820bc104532&quot;,&quot;title&quot;:&quot;Hooks&quot;,&quot;fullFile&quot;:&quot;cypress\\integration\\pagetest\\AuthenticatorPageTest.js&quot;,&quot;file&quot;:&quot;cypress\\integration\\pagetest\\AuthenticatorPageTest.js&quot;,&quot;beforeHooks&quot;:[],&quot;afterHooks&quot;:[],&quot;tests&quot;:[{&quot;title&quot;:&quot;Varify the login functionality with valid userid and valid password and valid authcode&quot;,&quot;fullTitle&quot;:&quot;Hooks Varify the login functionality with valid userid and valid password and valid authcode&quot;,&quot;timedOut&quot;:null,&quot;duration&quot;:0,&quot;state&quot;:&quot;pending&quot;,&quot;speed&quot;:null,&quot;pass&quot;:false,&quot;fail&quot;:false,&quot;pending&quot;:true,&quot;context&quot;:null,&quot;code&quot;:&quot;const login = new _LoginPage.default();\nconst auth = new _AuthenticatorPage.default();\ncy.clickOnElement(login.com_AllowButton());\ncy.enterText(login.com_userName(), Cypress.env(&#x27;username&#x27;));\ncy.enterText(login.com_Password(), Cypress.env(&#x27;password&#x27;));\ncy.clickOnElement(login.com_SimpleLogin());\nconst token = _otplib.authenticator.generate(Cypress.env(&#x27;authenticationToken&#x27;));\ncy.clickOnElement(auth.getAuthenticationField());\ncy.enterText(auth.getAuthenticatorCode(), token);\ncy.get(&#x27;.page-title&#x27;, {\n  timeout: 5000\n}).contains(&#x27;Dashboard&#x27;);\n//cy.get(cy.title(),{timeout:5000}).contains(&#x27;Crowdbotics | Dashboard&#x27;);&quot;,&quot;err&quot;:{},&quot;uuid&quot;:&quot;c0f60976-c867-423b-9f2c-aafe43c5306b&quot;,&quot;parentUUID&quot;:&quot;5730713c-99d1-4e65-9c12-a820bc104532&quot;,&quot;isHook&quot;:false,&quot;skipped&quot;:false}],&quot;suites&quot;:[],&quot;passes&quot;:[],&quot;failures&quot;:[],&quot;pending&quot;:[&quot;c0f60976-c867-423b-9f2c-aafe43c5306b&quot;],&quot;skipped&quot;:[],&quot;duration&quot;:0,&quot;root&quot;:false,&quot;rootEmpty&quot;:false,&quot;_timeout&quot;:2000}],&quot;passes&quot;:[],&quot;failures&quot;:[],&quot;pending&quot;:[],&quot;skipped&quot;:[],&quot;duration&quot;:0,&quot;root&quot;:true,&quot;rootEmpty&quot;:true,&quot;_timeout&quot;:2000}],&quot;meta&quot;:{&quot;mocha&quot;:{&quot;version&quot;:&quot;7.0.1&quot;},&quot;mochawesome&quot;:{&quot;options&quot;:{&quot;quiet&quot;:false,&quot;reportFilename&quot;:&quot;mochawesome&quot;,&quot;saveHtml&quot;:false,&quot;saveJson&quot;:true,&quot;consoleReporter&quot;:&quot;spec&quot;,&quot;useInlineDiffs&quot;:false,&quot;code&quot;:true},&quot;version&quot;:&quot;7.1.3&quot;},&quot;marge&quot;:{&quot;options&quot;:{&quot;overwrite&quot;:false,&quot;html&quot;:false,&quot;json&quot;:true,&quot;reportDir&quot;:&quot;cypress\\reports\\html\\.jsons&quot;},&quot;version&quot;:&quot;6.2.0&quot;}}}" data-config="{&quot;reportFilename&quot;:&quot;index.html&quot;,&quot;reportDir&quot;:&quot;C:\\Users\\ABD\\crowdbotics\\cypress\\reports\\html&quot;,&quot;reportTitle&quot;:&quot;crowdbotics&quot;,&quot;reportPageTitle&quot;:&quot;Mochawesome Report&quot;,&quot;inline&quot;:false,&quot;inlineAssets&quot;:false,&quot;cdn&quot;:false,&quot;charts&quot;:false,&quot;enableCharts&quot;:false,&quot;code&quot;:true,&quot;enableCode&quot;:true,&quot;autoOpen&quot;:false,&quot;overwrite&quot;:true,&quot;timestamp&quot;:false,&quot;ts&quot;:false,&quot;showPassed&quot;:true,&quot;showFailed&quot;:true,&quot;showPending&quot;:true,&quot;showSkipped&quot;:false,&quot;showHooks&quot;:&quot;failed&quot;,&quot;saveJson&quot;:false,&quot;saveHtml&quot;:true,&quot;dev&quot;:false,&quot;assetsDir&quot;:&quot;C:\\Users\\ABD\\crowdbotics\\cypress\\reports\\html\\assets&quot;,&quot;htmlFile&quot;:&quot;C:\\Users\\ABD\\crowdbotics\\cypress\\reports\\html\\index.html&quot;}"><div id="report"></div><script src="assets\app.js"></script></body></html>